Start auto log messages stack - Iteration 30.	[MsgId: MMSG-10545]
..\\Parameters\\common.h(151): web_custom_request("GetCountriesRequest") was successful, 4184 body bytes, 761 header bytes  	[MsgId: MMSG-26386]
..\\Parameters\\common.h(163): Notify: Transaction "click_create_new_account" ended with a "Pass" status (Duration: 0,3942 Wasted Time: 0,0000).	[MsgId: MMSG-16871]
Action.c(10): lr_think_time: 5,00 seconds.	[MsgId: MMSG-15948]
Action.c(12): Notify: Transaction "click_register" started.	[MsgId: MMSG-16999]
Action.c(14): web_add_header("SOAPAction") started  	[MsgId: MMSG-26355]
Action.c(14): web_add_header("SOAPAction") was successful  	[MsgId: MMSG-26392]
Action.c(17): lr_think_time: 5,00 seconds.	[MsgId: MMSG-15948]
Action.c(18): web_reg_find started  	[MsgId: MMSG-26355]
Action.c(18): Registering web_reg_find was successful  	[MsgId: MMSG-26390]
Action.c(21): web_custom_request("AccountCreateRequest") started  	[MsgId: MMSG-26355]
Action.c(21): Error -26366: "Text=New user created successfully." not found for web_reg_find  	[MsgId: MERR-26366]
End auto log messages stack.	[MsgId: MMSG-10544]


Start auto log messages stack - Iteration 14.	[MsgId: MMSG-10545]
..\\Parameters\\common.h(151): web_custom_request("GetCountriesRequest") was successful, 4184 body bytes, 761 header bytes  	[MsgId: MMSG-26386]
..\\Parameters\\common.h(163): Notify: Transaction "click_create_new_account" ended with a "Pass" status (Duration: 0,4162 Wasted Time: 0,0000).	[MsgId: MMSG-16871]
Action.c(10): lr_think_time: 5,00 seconds.	[MsgId: MMSG-15948]
Action.c(12): Notify: Transaction "click_register" started.	[MsgId: MMSG-16999]
Action.c(14): web_add_header("SOAPAction") started  	[MsgId: MMSG-26355]
Action.c(14): web_add_header("SOAPAction") was successful  	[MsgId: MMSG-26392]
Action.c(17): lr_think_time: 5,00 seconds.	[MsgId: MMSG-15948]
Action.c(18): web_reg_find started  	[MsgId: MMSG-26355]
Action.c(18): Registering web_reg_find was successful  	[MsgId: MMSG-26390]
Action.c(21): web_custom_request("AccountCreateRequest") started  	[MsgId: MMSG-26355]
Action.c(21): Error -26366: "Text=New user created successfully." not found for web_reg_find  	[MsgId: MERR-26366]
End auto log messages stack.	[MsgId: MMSG-10544]


Start auto log messages stack - Iteration 45.	[MsgId: MMSG-10545]
..\\Parameters\\common.h(151): web_custom_request("GetCountriesRequest") was successful, 4184 body bytes, 761 header bytes  	[MsgId: MMSG-26386]
..\\Parameters\\common.h(163): Notify: Transaction "click_create_new_account" ended with a "Pass" status (Duration: 0,4026 Wasted Time: 0,0000).	[MsgId: MMSG-16871]
Action.c(10): lr_think_time: 5,00 seconds.	[MsgId: MMSG-15948]
Action.c(12): Notify: Transaction "click_register" started.	[MsgId: MMSG-16999]
Action.c(14): web_add_header("SOAPAction") started  	[MsgId: MMSG-26355]
Action.c(14): web_add_header("SOAPAction") was successful  	[MsgId: MMSG-26392]
Action.c(17): lr_think_time: 5,00 seconds.	[MsgId: MMSG-15948]
Action.c(18): web_reg_find started  	[MsgId: MMSG-26355]
Action.c(18): Registering web_reg_find was successful  	[MsgId: MMSG-26390]
Action.c(21): web_custom_request("AccountCreateRequest") started  	[MsgId: MMSG-26355]
Action.c(21): Error -26366: "Text=New user created successfully." not found for web_reg_find  	[MsgId: MERR-26366]
End auto log messages stack.	[MsgId: MMSG-10544]


Start auto log messages stack - Iteration 55.	[MsgId: MMSG-10545]
..\\Parameters\\common.h(151): web_custom_request("GetCountriesRequest") was successful, 4184 body bytes, 761 header bytes  	[MsgId: MMSG-26386]
..\\Parameters\\common.h(163): Notify: Transaction "click_create_new_account" ended with a "Pass" status (Duration: 0,4093 Wasted Time: 0,0000).	[MsgId: MMSG-16871]
Action.c(10): lr_think_time: 5,00 seconds.	[MsgId: MMSG-15948]
Action.c(12): Notify: Transaction "click_register" started.	[MsgId: MMSG-16999]
Action.c(14): web_add_header("SOAPAction") started  	[MsgId: MMSG-26355]
Action.c(14): web_add_header("SOAPAction") was successful  	[MsgId: MMSG-26392]
Action.c(17): lr_think_time: 5,00 seconds.	[MsgId: MMSG-15948]
Action.c(18): web_reg_find started  	[MsgId: MMSG-26355]
Action.c(18): Registering web_reg_find was successful  	[MsgId: MMSG-26390]
Action.c(21): web_custom_request("AccountCreateRequest") started  	[MsgId: MMSG-26355]
Action.c(21): Error -26366: "Text=New user created successfully." not found for web_reg_find  	[MsgId: MERR-26366]
End auto log messages stack.	[MsgId: MMSG-10544]


Start auto log messages stack - Iteration 58.	[MsgId: MMSG-10545]
..\\Parameters\\common.h(151): web_custom_request("GetCountriesRequest") was successful, 4184 body bytes, 761 header bytes  	[MsgId: MMSG-26386]
..\\Parameters\\common.h(163): Notify: Transaction "click_create_new_account" ended with a "Pass" status (Duration: 0,4114 Wasted Time: 0,0000).	[MsgId: MMSG-16871]
Action.c(10): lr_think_time: 5,00 seconds.	[MsgId: MMSG-15948]
Action.c(12): Notify: Transaction "click_register" started.	[MsgId: MMSG-16999]
Action.c(14): web_add_header("SOAPAction") started  	[MsgId: MMSG-26355]
Action.c(14): web_add_header("SOAPAction") was successful  	[MsgId: MMSG-26392]
Action.c(17): lr_think_time: 5,00 seconds.	[MsgId: MMSG-15948]
Action.c(18): web_reg_find started  	[MsgId: MMSG-26355]
Action.c(18): Registering web_reg_find was successful  	[MsgId: MMSG-26390]
Action.c(21): web_custom_request("AccountCreateRequest") started  	[MsgId: MMSG-26355]
Action.c(21): Error -26366: "Text=New user created successfully." not found for web_reg_find  	[MsgId: MERR-26366]
End auto log messages stack.	[MsgId: MMSG-10544]


