Start auto log messages stack - Iteration 40.	[MsgId: MMSG-10545]
..\\Parameters\\common.h(151): web_custom_request("GetCountriesRequest") was successful, 4184 body bytes, 761 header bytes  	[MsgId: MMSG-26386]
..\\Parameters\\common.h(163): Notify: Transaction "click_create_new_account" ended with a "Pass" status (Duration: 0,3999 Wasted Time: 0,0000).	[MsgId: MMSG-16871]
Action.c(10): lr_think_time: 5,00 seconds.	[MsgId: MMSG-15948]
Action.c(12): Notify: Transaction "click_register" started.	[MsgId: MMSG-16999]
Action.c(14): web_add_header("SOAPAction") started  	[MsgId: MMSG-26355]
Action.c(14): web_add_header("SOAPAction") was successful  	[MsgId: MMSG-26392]
Action.c(17): lr_think_time: 5,00 seconds.	[MsgId: MMSG-15948]
Action.c(18): web_reg_find started  	[MsgId: MMSG-26355]
Action.c(18): Registering web_reg_find was successful  	[MsgId: MMSG-26390]
Action.c(21): web_custom_request("AccountCreateRequest") started  	[MsgId: MMSG-26355]
Action.c(21): Error -27760: Request "https://www.advantageonlineshopping.com/accountservice/ws/AccountCreateRequest" failed  	[MsgId: MERR-27760]
Start auto log messages stack - Iteration 39.	[MsgId: MMSG-10545]
Action.c(21): web_custom_request("AccountCreateRequest") was successful, 415 body bytes, 735 header bytes  	[MsgId: MMSG-26386]
Action.c(45): web_add_header("SOAPAction") started  	[MsgId: MMSG-26355]
Action.c(45): web_add_header("SOAPAction") was successful  	[MsgId: MMSG-26392]
Action.c(48): web_reg_save_param started  	[MsgId: MMSG-26355]
Action.c(48): Registering web_reg_save_param was successful  	[MsgId: MMSG-26390]
Action.c(53): web_reg_save_param started  	[MsgId: MMSG-26355]
Action.c(53): Registering web_reg_save_param was successful  	[MsgId: MMSG-26390]
Action.c(62): web_custom_request("AccountLoginRequest") started  	[MsgId: MMSG-26355]
Action.c(62): Error -27760: Request "https://www.advantageonlineshopping.com/accountservice/ws/AccountLoginRequest" failed  	[MsgId: MERR-27760]
Start auto log messages stack - Iteration 40.	[MsgId: MMSG-10545]
..\\Parameters\\common.h(142): web_add_header("SOAPAction") was successful  	[MsgId: MMSG-26392]
..\\Parameters\\common.h(145): web_add_auto_header("Origin") started  	[MsgId: MMSG-26355]
..\\Parameters\\common.h(145): web_add_auto_header("Origin") was successful  	[MsgId: MMSG-26392]
..\\Parameters\\common.h(148): web_add_auto_header("X-Requested-With") started  	[MsgId: MMSG-26355]
..\\Parameters\\common.h(148): web_add_auto_header("X-Requested-With") was successful  	[MsgId: MMSG-26392]
Action.c(62): Error -26377: No match found for the requested parameter "userId". Either the specified boundaries were not found in the response or the matched text is longer than current max html parameter size of 256 bytes. The total length of the response is 0 bytes. You can use "web_set_max_html_param_len" to increase the max parameter size.  	[MsgId: MERR-26377]
Action.c(62): Error -26377: No match found for the requested parameter "Authorization". Either the specified boundaries were not found in the response or the matched text is longer than current max html parameter size of 256 bytes. The total length of the response is 0 bytes. You can use "web_set_max_html_param_len" to increase the max parameter size.  	[MsgId: MERR-26377]
Action.c(62): Error -26374: The above "not found" error(s) may be explained by header and body byte counts being 0 and 0, respectively.  	[MsgId: MERR-26374]
Action.c(21): Error -26366: "Text=New user created successfully." not found for web_reg_find  	[MsgId: MERR-26366]
Action.c(21): Error -26374: The above "not found" error(s) may be explained by header and body byte counts being 0 and 0, respectively.  	[MsgId: MERR-26374]
End auto log messages stack.	[MsgId: MMSG-10544]


End auto log messages stack.	[MsgId: MMSG-10544]


..\\Parameters\\common.h(151): web_custom_request("GetCountriesRequest") started  	[MsgId: MMSG-26355]
..\\Parameters\\common.h(151): Error -27760: Request "https://www.advantageonlineshopping.com/accountservice/ws/GetCountriesRequest" failed  	[MsgId: MERR-27760]
End auto log messages stack.	[MsgId: MMSG-10544]


Start auto log messages stack - Iteration 51.	[MsgId: MMSG-10545]
..\\Parameters\\common.h(79): web_add_header("Origin") was successful  	[MsgId: MMSG-26392]
..\\Parameters\\common.h(82): web_add_header("SOAPAction") started  	[MsgId: MMSG-26355]
..\\Parameters\\common.h(82): web_add_header("SOAPAction") was successful  	[MsgId: MMSG-26392]
..\\Parameters\\common.h(85): web_add_header("X-Requested-With") started  	[MsgId: MMSG-26355]
..\\Parameters\\common.h(85): web_add_header("X-Requested-With") was successful  	[MsgId: MMSG-26392]
..\\Parameters\\common.h(88): web_custom_request("GetAccountConfigurationRequest") started  	[MsgId: MMSG-26355]
..\\Parameters\\common.h(88): Error -27760: Request "https://www.advantageonlineshopping.com/accountservice/ws/GetAccountConfigurationRequest" failed  	[MsgId: MERR-27760]
End auto log messages stack.	[MsgId: MMSG-10544]


Start auto log messages stack - Iteration 65.	[MsgId: MMSG-10545]
..\\Parameters\\common.h(79): web_add_header("Origin") was successful  	[MsgId: MMSG-26392]
..\\Parameters\\common.h(82): web_add_header("SOAPAction") started  	[MsgId: MMSG-26355]
..\\Parameters\\common.h(82): web_add_header("SOAPAction") was successful  	[MsgId: MMSG-26392]
..\\Parameters\\common.h(85): web_add_header("X-Requested-With") started  	[MsgId: MMSG-26355]
..\\Parameters\\common.h(85): web_add_header("X-Requested-With") was successful  	[MsgId: MMSG-26392]
..\\Parameters\\common.h(88): web_custom_request("GetAccountConfigurationRequest") started  	[MsgId: MMSG-26355]
..\\Parameters\\common.h(88): Error -27760: Request "https://www.advantageonlineshopping.com/accountservice/ws/GetAccountConfigurationRequest" failed  	[MsgId: MERR-27760]
End auto log messages stack.	[MsgId: MMSG-10544]


Start auto log messages stack - Iteration 66.	[MsgId: MMSG-10545]
..\\Parameters\\common.h(151): web_custom_request("GetCountriesRequest") was successful, 4184 body bytes, 761 header bytes  	[MsgId: MMSG-26386]
..\\Parameters\\common.h(163): Notify: Transaction "click_create_new_account" ended with a "Pass" status (Duration: 0,4051 Wasted Time: 0,0000).	[MsgId: MMSG-16871]
Action.c(10): lr_think_time: 5,00 seconds.	[MsgId: MMSG-15948]
Action.c(12): Notify: Transaction "click_register" started.	[MsgId: MMSG-16999]
Action.c(14): web_add_header("SOAPAction") started  	[MsgId: MMSG-26355]
Action.c(14): web_add_header("SOAPAction") was successful  	[MsgId: MMSG-26392]
Action.c(17): lr_think_time: 5,00 seconds.	[MsgId: MMSG-15948]
Action.c(18): web_reg_find started  	[MsgId: MMSG-26355]
Action.c(18): Registering web_reg_find was successful  	[MsgId: MMSG-26390]
Action.c(21): web_custom_request("AccountCreateRequest") started  	[MsgId: MMSG-26355]
Action.c(21): Error -26366: "Text=New user created successfully." not found for web_reg_find  	[MsgId: MERR-26366]
End auto log messages stack.	[MsgId: MMSG-10544]


Start auto log messages stack - Iteration 67.	[MsgId: MMSG-10545]
..\\Parameters\\common.h(169): web_add_header("SOAPAction") was successful  	[MsgId: MMSG-26392]
..\\Parameters\\common.h(172): web_add_header("X-Requested-With") started  	[MsgId: MMSG-26355]
..\\Parameters\\common.h(172): web_add_header("X-Requested-With") was successful  	[MsgId: MMSG-26392]
..\\Parameters\\common.h(175): lr_think_time: 5,00 seconds.	[MsgId: MMSG-15948]
..\\Parameters\\common.h(176): web_reg_find started  	[MsgId: MMSG-26355]
..\\Parameters\\common.h(176): Registering web_reg_find was successful  	[MsgId: MMSG-26390]
..\\Parameters\\common.h(179): web_custom_request("AccountLogoutRequest") started  	[MsgId: MMSG-26355]
..\\Parameters\\common.h(179): Error -27760: Request "https://www.advantageonlineshopping.com/accountservice/ws/AccountLogoutRequest" failed  	[MsgId: MERR-27760]
Start auto log messages stack - Iteration 68.	[MsgId: MMSG-10545]
..\\Parameters\\common.h(85): web_add_header("X-Requested-With") was successful  	[MsgId: MMSG-26392]
..\\Parameters\\common.h(88): web_custom_request("GetAccountConfigurationRequest") started  	[MsgId: MMSG-26355]
..\\Parameters\\common.h(88): web_custom_request("GetAccountConfigurationRequest") was successful, 823 body bytes, 735 header bytes  	[MsgId: MMSG-26386]
..\\Parameters\\common.h(100): web_url("categories") started  	[MsgId: MMSG-26355]
..\\Parameters\\common.h(100): web_url("categories") was successful, 4636 body bytes, 375 header bytes  	[MsgId: MMSG-26386]
..\\Parameters\\common.h(109): web_url("search") started  	[MsgId: MMSG-26355]
..\\Parameters\\common.h(109): Error -27760: Request "https://www.advantageonlineshopping.com/catalog/api/v1/deals/search?dealOfTheDay=true" failed  	[MsgId: MERR-27760]
..\\Parameters\\common.h(179): Error -26366: "Text=Logout Successful" not found for web_reg_find  	[MsgId: MERR-26366]
..\\Parameters\\common.h(179): Error -26374: The above "not found" error(s) may be explained by header and body byte counts being 0 and 0, respectively.  	[MsgId: MERR-26374]
End auto log messages stack.	[MsgId: MMSG-10544]


Start auto log messages stack - Iteration 67.	[MsgId: MMSG-10545]
Action.c(21): web_custom_request("AccountCreateRequest") was successful, 415 body bytes, 735 header bytes  	[MsgId: MMSG-26386]
Action.c(45): web_add_header("SOAPAction") started  	[MsgId: MMSG-26355]
Action.c(45): web_add_header("SOAPAction") was successful  	[MsgId: MMSG-26392]
Action.c(48): web_reg_save_param started  	[MsgId: MMSG-26355]
Action.c(48): Registering web_reg_save_param was successful  	[MsgId: MMSG-26390]
Action.c(53): web_reg_save_param started  	[MsgId: MMSG-26355]
Action.c(53): Registering web_reg_save_param was successful  	[MsgId: MMSG-26390]
Action.c(62): web_custom_request("AccountLoginRequest") started  	[MsgId: MMSG-26355]
Action.c(62): Error -27760: Request "https://www.advantageonlineshopping.com/accountservice/ws/AccountLoginRequest" failed  	[MsgId: MERR-27760]
Action.c(62): Error -26377: No match found for the requested parameter "userId". Either the specified boundaries were not found in the response or the matched text is longer than current max html parameter size of 256 bytes. The total length of the response is 0 bytes. You can use "web_set_max_html_param_len" to increase the max parameter size.  	[MsgId: MERR-26377]
Action.c(62): Error -26377: No match found for the requested parameter "Authorization". Either the specified boundaries were not found in the response or the matched text is longer than current max html parameter size of 256 bytes. The total length of the response is 0 bytes. You can use "web_set_max_html_param_len" to increase the max parameter size.  	[MsgId: MERR-26377]
Action.c(62): Error -26374: The above "not found" error(s) may be explained by header and body byte counts being 0 and 0, respectively.  	[MsgId: MERR-26374]
End auto log messages stack.	[MsgId: MMSG-10544]


End auto log messages stack.	[MsgId: MMSG-10544]


Start auto log messages stack - Iteration 69.	[MsgId: MMSG-10545]
..\\Parameters\\common.h(79): web_add_header("Origin") was successful  	[MsgId: MMSG-26392]
..\\Parameters\\common.h(82): web_add_header("SOAPAction") started  	[MsgId: MMSG-26355]
..\\Parameters\\common.h(82): web_add_header("SOAPAction") was successful  	[MsgId: MMSG-26392]
..\\Parameters\\common.h(85): web_add_header("X-Requested-With") started  	[MsgId: MMSG-26355]
..\\Parameters\\common.h(85): web_add_header("X-Requested-With") was successful  	[MsgId: MMSG-26392]
..\\Parameters\\common.h(88): web_custom_request("GetAccountConfigurationRequest") started  	[MsgId: MMSG-26355]
..\\Parameters\\common.h(88): Error -27760: Request "https://www.advantageonlineshopping.com/accountservice/ws/GetAccountConfigurationRequest" failed  	[MsgId: MERR-27760]
Start auto log messages stack - Iteration 68.	[MsgId: MMSG-10545]
Action.c(21): web_custom_request("AccountCreateRequest") was successful, 415 body bytes, 735 header bytes  	[MsgId: MMSG-26386]
Action.c(45): web_add_header("SOAPAction") started  	[MsgId: MMSG-26355]
Action.c(45): web_add_header("SOAPAction") was successful  	[MsgId: MMSG-26392]
Action.c(48): web_reg_save_param started  	[MsgId: MMSG-26355]
Action.c(48): Registering web_reg_save_param was successful  	[MsgId: MMSG-26390]
Action.c(53): web_reg_save_param started  	[MsgId: MMSG-26355]
Action.c(53): Registering web_reg_save_param was successful  	[MsgId: MMSG-26390]
Action.c(62): web_custom_request("AccountLoginRequest") started  	[MsgId: MMSG-26355]
Action.c(62): Error -27760: Request "https://www.advantageonlineshopping.com/accountservice/ws/AccountLoginRequest" failed  	[MsgId: MERR-27760]
Action.c(62): Error -26377: No match found for the requested parameter "userId". Either the specified boundaries were not found in the response or the matched text is longer than current max html parameter size of 256 bytes. The total length of the response is 0 bytes. You can use "web_set_max_html_param_len" to increase the max parameter size.  	[MsgId: MERR-26377]
Action.c(62): Error -26377: No match found for the requested parameter "Authorization". Either the specified boundaries were not found in the response or the matched text is longer than current max html parameter size of 256 bytes. The total length of the response is 0 bytes. You can use "web_set_max_html_param_len" to increase the max parameter size.  	[MsgId: MERR-26377]
Action.c(62): Error -26374: The above "not found" error(s) may be explained by header and body byte counts being 0 and 0, respectively.  	[MsgId: MERR-26374]
End auto log messages stack.	[MsgId: MMSG-10544]


End auto log messages stack.	[MsgId: MMSG-10544]


Start auto log messages stack - Iteration 71.	[MsgId: MMSG-10545]
..\\Parameters\\common.h(82): web_add_header("SOAPAction") was successful  	[MsgId: MMSG-26392]
..\\Parameters\\common.h(85): web_add_header("X-Requested-With") started  	[MsgId: MMSG-26355]
..\\Parameters\\common.h(85): web_add_header("X-Requested-With") was successful  	[MsgId: MMSG-26392]
..\\Parameters\\common.h(88): web_custom_request("GetAccountConfigurationRequest") started  	[MsgId: MMSG-26355]
..\\Parameters\\common.h(88): web_custom_request("GetAccountConfigurationRequest") was successful, 823 body bytes, 735 header bytes  	[MsgId: MMSG-26386]
..\\Parameters\\common.h(100): web_url("categories") started  	[MsgId: MMSG-26355]
..\\Parameters\\common.h(100): Error -27760: Request "https://www.advantageonlineshopping.com/catalog/api/v1/categories" failed  	[MsgId: MERR-27760]
End auto log messages stack.	[MsgId: MMSG-10544]


Start auto log messages stack - Iteration 73.	[MsgId: MMSG-10545]
..\\Parameters\\common.h(151): web_custom_request("GetCountriesRequest") was successful, 4184 body bytes, 761 header bytes  	[MsgId: MMSG-26386]
..\\Parameters\\common.h(163): Notify: Transaction "click_create_new_account" ended with a "Pass" status (Duration: 0,3910 Wasted Time: 0,0000).	[MsgId: MMSG-16871]
Action.c(10): lr_think_time: 5,00 seconds.	[MsgId: MMSG-15948]
Action.c(12): Notify: Transaction "click_register" started.	[MsgId: MMSG-16999]
Action.c(14): web_add_header("SOAPAction") started  	[MsgId: MMSG-26355]
Action.c(14): web_add_header("SOAPAction") was successful  	[MsgId: MMSG-26392]
Action.c(17): lr_think_time: 5,00 seconds.	[MsgId: MMSG-15948]
Action.c(18): web_reg_find started  	[MsgId: MMSG-26355]
Action.c(18): Registering web_reg_find was successful  	[MsgId: MMSG-26390]
Action.c(21): web_custom_request("AccountCreateRequest") started  	[MsgId: MMSG-26355]
Action.c(21): Error -27760: Request "https://www.advantageonlineshopping.com/accountservice/ws/AccountCreateRequest" failed  	[MsgId: MERR-27760]
Action.c(21): Error -26366: "Text=New user created successfully." not found for web_reg_find  	[MsgId: MERR-26366]
Action.c(21): Error -26374: The above "not found" error(s) may be explained by header and body byte counts being 0 and 0, respectively.  	[MsgId: MERR-26374]
End auto log messages stack.	[MsgId: MMSG-10544]


Start auto log messages stack - Iteration 74.	[MsgId: MMSG-10545]
..\\Parameters\\common.h(79): web_add_header("Origin") was successful  	[MsgId: MMSG-26392]
..\\Parameters\\common.h(82): web_add_header("SOAPAction") started  	[MsgId: MMSG-26355]
..\\Parameters\\common.h(82): web_add_header("SOAPAction") was successful  	[MsgId: MMSG-26392]
..\\Parameters\\common.h(85): web_add_header("X-Requested-With") started  	[MsgId: MMSG-26355]
..\\Parameters\\common.h(85): web_add_header("X-Requested-With") was successful  	[MsgId: MMSG-26392]
..\\Parameters\\common.h(88): web_custom_request("GetAccountConfigurationRequest") started  	[MsgId: MMSG-26355]
..\\Parameters\\common.h(88): Error -27760: Request "https://www.advantageonlineshopping.com/accountservice/ws/GetAccountConfigurationRequest" failed  	[MsgId: MERR-27760]
End auto log messages stack.	[MsgId: MMSG-10544]


Start auto log messages stack - Iteration 74.	[MsgId: MMSG-10545]
..\\Parameters\\common.h(151): web_custom_request("GetCountriesRequest") was successful, 4184 body bytes, 761 header bytes  	[MsgId: MMSG-26386]
..\\Parameters\\common.h(163): Notify: Transaction "click_create_new_account" ended with a "Pass" status (Duration: 0,3994 Wasted Time: 0,0000).	[MsgId: MMSG-16871]
Action.c(10): lr_think_time: 5,00 seconds.	[MsgId: MMSG-15948]
Action.c(12): Notify: Transaction "click_register" started.	[MsgId: MMSG-16999]
Action.c(14): web_add_header("SOAPAction") started  	[MsgId: MMSG-26355]
Action.c(14): web_add_header("SOAPAction") was successful  	[MsgId: MMSG-26392]
Action.c(17): lr_think_time: 5,00 seconds.	[MsgId: MMSG-15948]
Action.c(18): web_reg_find started  	[MsgId: MMSG-26355]
Action.c(18): Registering web_reg_find was successful  	[MsgId: MMSG-26390]
Action.c(21): web_custom_request("AccountCreateRequest") started  	[MsgId: MMSG-26355]
Action.c(21): Error -26627: HTTP Status-Code=404 (Not Found) for "https://www.advantageonlineshopping.com/accountservice/ws/AccountCreateRequest"  	[MsgId: MERR-26627]
Action.c(21): Error -26366: "Text=New user created successfully." not found for web_reg_find  	[MsgId: MERR-26366]
End auto log messages stack.	[MsgId: MMSG-10544]


Start auto log messages stack - Iteration 84.	[MsgId: MMSG-10545]
..\\Parameters\\common.h(151): web_custom_request("GetCountriesRequest") was successful, 4184 body bytes, 761 header bytes  	[MsgId: MMSG-26386]
..\\Parameters\\common.h(163): Notify: Transaction "click_create_new_account" ended with a "Pass" status (Duration: 0,4061 Wasted Time: 0,0000).	[MsgId: MMSG-16871]
Action.c(10): lr_think_time: 5,00 seconds.	[MsgId: MMSG-15948]
Action.c(12): Notify: Transaction "click_register" started.	[MsgId: MMSG-16999]
Action.c(14): web_add_header("SOAPAction") started  	[MsgId: MMSG-26355]
Action.c(14): web_add_header("SOAPAction") was successful  	[MsgId: MMSG-26392]
Action.c(17): lr_think_time: 5,00 seconds.	[MsgId: MMSG-15948]
Action.c(18): web_reg_find started  	[MsgId: MMSG-26355]
Action.c(18): Registering web_reg_find was successful  	[MsgId: MMSG-26390]
Action.c(21): web_custom_request("AccountCreateRequest") started  	[MsgId: MMSG-26355]
Action.c(21): Error -26366: "Text=New user created successfully." not found for web_reg_find  	[MsgId: MERR-26366]
End auto log messages stack.	[MsgId: MMSG-10544]


Start auto log messages stack - Iteration 91.	[MsgId: MMSG-10545]
Action.c(21): web_custom_request("AccountCreateRequest") was successful, 415 body bytes, 735 header bytes  	[MsgId: MMSG-26386]
Action.c(45): web_add_header("SOAPAction") started  	[MsgId: MMSG-26355]
Action.c(45): web_add_header("SOAPAction") was successful  	[MsgId: MMSG-26392]
Action.c(48): web_reg_save_param started  	[MsgId: MMSG-26355]
Action.c(48): Registering web_reg_save_param was successful  	[MsgId: MMSG-26390]
Action.c(53): web_reg_save_param started  	[MsgId: MMSG-26355]
Action.c(53): Registering web_reg_save_param was successful  	[MsgId: MMSG-26390]
Action.c(62): web_custom_request("AccountLoginRequest") started  	[MsgId: MMSG-26355]
Action.c(62): Error -26627: HTTP Status-Code=404 (Not Found) for "https://www.advantageonlineshopping.com/accountservice/ws/AccountLoginRequest"  	[MsgId: MERR-26627]
Action.c(62): Error -26377: No match found for the requested parameter "userId". Either the specified boundaries were not found in the response or the matched text is longer than current max html parameter size of 256 bytes. The total length of the response is 186 bytes. You can use "web_set_max_html_param_len" to increase the max parameter size.  	[MsgId: MERR-26377]
Action.c(62): Error -26377: No match found for the requested parameter "Authorization". Either the specified boundaries were not found in the response or the matched text is longer than current max html parameter size of 256 bytes. The total length of the response is 186 bytes. You can use "web_set_max_html_param_len" to increase the max parameter size.  	[MsgId: MERR-26377]
End auto log messages stack.	[MsgId: MMSG-10544]


Start auto log messages stack - Iteration 95.	[MsgId: MMSG-10545]
..\\Parameters\\common.h(55): web_add_auto_header("Sec-Fetch-Dest") was successful  	[MsgId: MMSG-26392]
..\\Parameters\\common.h(58): web_add_auto_header("Sec-Fetch-Mode") started  	[MsgId: MMSG-26355]
..\\Parameters\\common.h(58): web_add_auto_header("Sec-Fetch-Mode") was successful  	[MsgId: MMSG-26392]
..\\Parameters\\common.h(61): web_add_auto_header("Sec-Fetch-Site") started  	[MsgId: MMSG-26355]
..\\Parameters\\common.h(61): web_add_auto_header("Sec-Fetch-Site") was successful  	[MsgId: MMSG-26392]
..\\Parameters\\common.h(64): web_url("ALL") started  	[MsgId: MMSG-26355]
..\\Parameters\\common.h(64): Error -27760: Request "https://www.advantageonlineshopping.com/catalog/api/v1/DemoAppConfig/parameters/by_tool/ALL" failed  	[MsgId: MERR-27760]
Start auto log messages stack - Iteration 94.	[MsgId: MMSG-10545]
Action.c(21): web_custom_request("AccountCreateRequest") was successful, 415 body bytes, 735 header bytes  	[MsgId: MMSG-26386]
Action.c(45): web_add_header("SOAPAction") started  	[MsgId: MMSG-26355]
Action.c(45): web_add_header("SOAPAction") was successful  	[MsgId: MMSG-26392]
Action.c(48): web_reg_save_param started  	[MsgId: MMSG-26355]
Action.c(48): Registering web_reg_save_param was successful  	[MsgId: MMSG-26390]
Action.c(53): web_reg_save_param started  	[MsgId: MMSG-26355]
Action.c(53): Registering web_reg_save_param was successful  	[MsgId: MMSG-26390]
Action.c(62): web_custom_request("AccountLoginRequest") started  	[MsgId: MMSG-26355]
Action.c(62): Error -27760: Request "https://www.advantageonlineshopping.com/accountservice/ws/AccountLoginRequest" failed  	[MsgId: MERR-27760]
Action.c(62): Error -26377: No match found for the requested parameter "userId". Either the specified boundaries were not found in the response or the matched text is longer than current max html parameter size of 256 bytes. The total length of the response is 0 bytes. You can use "web_set_max_html_param_len" to increase the max parameter size.  	[MsgId: MERR-26377]
End auto log messages stack.	[MsgId: MMSG-10544]
Action.c(62): Error -26377: No match found for the requested parameter "Authorization". Either the specified boundaries were not found in the response or the matched text is longer than current max html parameter size of 256 bytes. The total length of the response is 0 bytes. You can use "web_set_max_html_param_len" to increase the max parameter size.  	[MsgId: MERR-26377]


Action.c(62): Error -26374: The above "not found" error(s) may be explained by header and body byte counts being 0 and 0, respectively.  	[MsgId: MERR-26374]
End auto log messages stack.	[MsgId: MMSG-10544]


Start auto log messages stack - Iteration 96.	[MsgId: MMSG-10545]
..\\Parameters\\common.h(55): web_add_auto_header("Sec-Fetch-Dest") was successful  	[MsgId: MMSG-26392]
..\\Parameters\\common.h(58): web_add_auto_header("Sec-Fetch-Mode") started  	[MsgId: MMSG-26355]
..\\Parameters\\common.h(58): web_add_auto_header("Sec-Fetch-Mode") was successful  	[MsgId: MMSG-26392]
..\\Parameters\\common.h(61): web_add_auto_header("Sec-Fetch-Site") started  	[MsgId: MMSG-26355]
..\\Parameters\\common.h(61): web_add_auto_header("Sec-Fetch-Site") was successful  	[MsgId: MMSG-26392]
..\\Parameters\\common.h(64): web_url("ALL") started  	[MsgId: MMSG-26355]
..\\Parameters\\common.h(64): Error -27760: Request "https://www.advantageonlineshopping.com/catalog/api/v1/DemoAppConfig/parameters/by_tool/ALL" failed  	[MsgId: MERR-27760]
End auto log messages stack.	[MsgId: MMSG-10544]


Start auto log messages stack - Iteration 99.	[MsgId: MMSG-10545]
..\\Parameters\\common.h(169): web_add_header("SOAPAction") was successful  	[MsgId: MMSG-26392]
..\\Parameters\\common.h(172): web_add_header("X-Requested-With") started  	[MsgId: MMSG-26355]
..\\Parameters\\common.h(172): web_add_header("X-Requested-With") was successful  	[MsgId: MMSG-26392]
..\\Parameters\\common.h(175): lr_think_time: 5,00 seconds.	[MsgId: MMSG-15948]
..\\Parameters\\common.h(176): web_reg_find started  	[MsgId: MMSG-26355]
..\\Parameters\\common.h(176): Registering web_reg_find was successful  	[MsgId: MMSG-26390]
..\\Parameters\\common.h(179): web_custom_request("AccountLogoutRequest") started  	[MsgId: MMSG-26355]
..\\Parameters\\common.h(179): Error -27760: Request "https://www.advantageonlineshopping.com/accountservice/ws/AccountLogoutRequest" failed  	[MsgId: MERR-27760]
..\\Parameters\\common.h(179): Error -26366: "Text=Logout Successful" not found for web_reg_find  	[MsgId: MERR-26366]
..\\Parameters\\common.h(179): Error -26374: The above "not found" error(s) may be explained by header and body byte counts being 0 and 0, respectively.  	[MsgId: MERR-26374]
End auto log messages stack.	[MsgId: MMSG-10544]


Start auto log messages stack - Iteration 109.	[MsgId: MMSG-10545]
..\\Parameters\\common.h(151): web_custom_request("GetCountriesRequest") was successful, 4184 body bytes, 761 header bytes  	[MsgId: MMSG-26386]
..\\Parameters\\common.h(163): Notify: Transaction "click_create_new_account" ended with a "Pass" status (Duration: 0,4019 Wasted Time: 0,0000).	[MsgId: MMSG-16871]
Action.c(10): lr_think_time: 5,00 seconds.	[MsgId: MMSG-15948]
Action.c(12): Notify: Transaction "click_register" started.	[MsgId: MMSG-16999]
Action.c(14): web_add_header("SOAPAction") started  	[MsgId: MMSG-26355]
Action.c(14): web_add_header("SOAPAction") was successful  	[MsgId: MMSG-26392]
Action.c(17): lr_think_time: 5,00 seconds.	[MsgId: MMSG-15948]
Action.c(18): web_reg_find started  	[MsgId: MMSG-26355]
Action.c(18): Registering web_reg_find was successful  	[MsgId: MMSG-26390]
Action.c(21): web_custom_request("AccountCreateRequest") started  	[MsgId: MMSG-26355]
Action.c(21): Error -26366: "Text=New user created successfully." not found for web_reg_find  	[MsgId: MERR-26366]
End auto log messages stack.	[MsgId: MMSG-10544]


