Start auto log messages stack - Iteration 25.	[MsgId: MMSG-10545]
..\\Parameters\\common.h(55): web_add_auto_header("Sec-Fetch-Dest") was successful  	[MsgId: MMSG-26392]
..\\Parameters\\common.h(58): web_add_auto_header("Sec-Fetch-Mode") started  	[MsgId: MMSG-26355]
..\\Parameters\\common.h(58): web_add_auto_header("Sec-Fetch-Mode") was successful  	[MsgId: MMSG-26392]
..\\Parameters\\common.h(61): web_add_auto_header("Sec-Fetch-Site") started  	[MsgId: MMSG-26355]
..\\Parameters\\common.h(61): web_add_auto_header("Sec-Fetch-Site") was successful  	[MsgId: MMSG-26392]
..\\Parameters\\common.h(64): web_url("ALL") started  	[MsgId: MMSG-26355]
..\\Parameters\\common.h(64): Error -27760: Request "https://www.advantageonlineshopping.com/catalog/api/v1/DemoAppConfig/parameters/by_tool/ALL" failed  	[MsgId: MERR-27760]
End auto log messages stack.	[MsgId: MMSG-10544]


Start auto log messages stack - Iteration 28.	[MsgId: MMSG-10545]
Action.c(150): Registering web_reg_find was successful  	[MsgId: MMSG-26390]
Action.c(153): web_add_header("Authorization") started  	[MsgId: MMSG-26355]
Action.c(153): Warning -26594: The header being added may cause unpredictable results if applied to ALL the URLs generated on behalf of the next script function. It will apply to the primary URL only.  	[MsgId: MWAR-26594]
Action.c(153): web_add_header("Authorization") highest severity level was "warning"  	[MsgId: MMSG-26391]
Action.c(156): web_add_auto_header("Origin") started  	[MsgId: MMSG-26355]
Action.c(156): web_add_auto_header("Origin") was successful  	[MsgId: MMSG-26392]
Action.c(159): lr_think_time: 5,00 seconds.	[MsgId: MMSG-15948]
Action.c(161): web_submit_data("414141") started  	[MsgId: MMSG-26355]
Action.c(161): Error -26612: HTTP Status-Code=500 (Internal Server Error) for "https://www.advantageonlineshopping.com/order/api/v1/carts/286873993/product/20/color/414141?quantity=1"  	[MsgId: MERR-26612]
Action.c(161): Error -26366: "Text=productsInCart" not found for web_reg_find  	[MsgId: MERR-26366]
End auto log messages stack.	[MsgId: MMSG-10544]


Start auto log messages stack - Iteration 40.	[MsgId: MMSG-10545]
Action.c(251): web_add_header("X-Requested-With") was successful  	[MsgId: MMSG-26392]
Action.c(254): web_custom_request("GetAccountPaymentPreferencesRequest") started  	[MsgId: MMSG-26355]
Action.c(254): web_custom_request("GetAccountPaymentPreferencesRequest") was successful, 226 body bytes, 735 header bytes  	[MsgId: MMSG-26386]
Action.c(266): web_remove_auto_header("Origin") started  	[MsgId: MMSG-26355]
Action.c(266): Previous automatically added web header for "Origin" removed  	[MsgId: MMSG-26587]
Action.c(266): web_remove/revert_auto_header("Origin") was successful  	[MsgId: MMSG-26392]
Action.c(268): web_url("orderPayment-page.html") started  	[MsgId: MMSG-26355]
Action.c(268): Error -27760: Request "https://www.advantageonlineshopping.com/app/order/views/orderPayment-page.html" failed  	[MsgId: MERR-27760]
End auto log messages stack.	[MsgId: MMSG-10544]


Start auto log messages stack - Iteration 41.	[MsgId: MMSG-10545]
Action.c(231): web_add_auto_header("Origin") was successful  	[MsgId: MMSG-26392]
Action.c(234): web_custom_request("shippingcost") started  	[MsgId: MMSG-26355]
Action.c(234): web_custom_request("shippingcost") was successful, 2909 body bytes, 407 header bytes  	[MsgId: MMSG-26386]
Action.c(248): web_add_header("SOAPAction") started  	[MsgId: MMSG-26355]
Action.c(248): web_add_header("SOAPAction") was successful  	[MsgId: MMSG-26392]
Action.c(251): web_add_header("X-Requested-With") started  	[MsgId: MMSG-26355]
Action.c(251): web_add_header("X-Requested-With") was successful  	[MsgId: MMSG-26392]
Action.c(254): web_custom_request("GetAccountPaymentPreferencesRequest") started  	[MsgId: MMSG-26355]
Action.c(254): Error -27760: Request "https://www.advantageonlineshopping.com/accountservice/ws/GetAccountPaymentPreferencesRequest" failed  	[MsgId: MERR-27760]
End auto log messages stack.	[MsgId: MMSG-10544]


Start auto log messages stack - Iteration 42.	[MsgId: MMSG-10545]
Action.c(285): web_custom_request("GetCountriesRequest") was successful, 4184 body bytes, 761 header bytes  	[MsgId: MMSG-26386]
Action.c(297): Notify: Transaction "chekout" ended with a "Pass" status (Duration: 11,1837 Think Time: 5,0144 Wasted Time: 0,0000).	[MsgId: MMSG-16870]
Action.c(298): lr_think_time: 5,00 seconds.	[MsgId: MMSG-15948]
Action.c(303): Notify: Transaction "pay_now" started.	[MsgId: MMSG-16999]
Action.c(305): web_add_header("SOAPAction") started  	[MsgId: MMSG-26355]
Action.c(305): web_add_header("SOAPAction") was successful  	[MsgId: MMSG-26392]
Action.c(308): lr_think_time: 5,00 seconds.	[MsgId: MMSG-15948]
Action.c(310): web_custom_request("UpdateMasterCreditMethodRequest") started  	[MsgId: MMSG-26355]
Action.c(310): Connection to www.advantageonlineshopping.com:443 closed after being inactive for 60 seconds, exceeding the "HTTP Keep-Alive timeout" Runtime Setting (60 seconds). URL="[None]"  	[MsgId: MMSG-27647]
Action.c(310): Error -27792: Failed to connect to server "www.advantageonlineshopping.com:443": [10060] Connection timed out  	[MsgId: MERR-27792]
End auto log messages stack.	[MsgId: MMSG-10544]


Start auto log messages stack - Iteration 43.	[MsgId: MMSG-10545]
Action.c(150): Registering web_reg_find was successful  	[MsgId: MMSG-26390]
Action.c(153): web_add_header("Authorization") started  	[MsgId: MMSG-26355]
Action.c(153): Warning -26594: The header being added may cause unpredictable results if applied to ALL the URLs generated on behalf of the next script function. It will apply to the primary URL only.  	[MsgId: MWAR-26594]
Action.c(153): web_add_header("Authorization") highest severity level was "warning"  	[MsgId: MMSG-26391]
Action.c(156): web_add_auto_header("Origin") started  	[MsgId: MMSG-26355]
Action.c(156): web_add_auto_header("Origin") was successful  	[MsgId: MMSG-26392]
Action.c(159): lr_think_time: 5,00 seconds.	[MsgId: MMSG-15948]
Action.c(161): web_submit_data("414141") started  	[MsgId: MMSG-26355]
Action.c(161): Error -27760: Request "https://www.advantageonlineshopping.com/order/api/v1/carts/216077113/product/20/color/414141?quantity=1" failed  	[MsgId: MERR-27760]
Action.c(161): Error -26366: "Text=productsInCart" not found for web_reg_find  	[MsgId: MERR-26366]
Action.c(161): Error -26374: The above "not found" error(s) may be explained by header and body byte counts being 0 and 0, respectively.  	[MsgId: MERR-26374]
End auto log messages stack.	[MsgId: MMSG-10544]


Start auto log messages stack - Iteration 43.	[MsgId: MMSG-10545]
Action.c(150): Registering web_reg_find was successful  	[MsgId: MMSG-26390]
Action.c(153): web_add_header("Authorization") started  	[MsgId: MMSG-26355]
Action.c(153): Warning -26594: The header being added may cause unpredictable results if applied to ALL the URLs generated on behalf of the next script function. It will apply to the primary URL only.  	[MsgId: MWAR-26594]
Action.c(153): web_add_header("Authorization") highest severity level was "warning"  	[MsgId: MMSG-26391]
Action.c(156): web_add_auto_header("Origin") started  	[MsgId: MMSG-26355]
Action.c(156): web_add_auto_header("Origin") was successful  	[MsgId: MMSG-26392]
Action.c(159): lr_think_time: 5,00 seconds.	[MsgId: MMSG-15948]
Action.c(161): web_submit_data("414141") started  	[MsgId: MMSG-26355]
Action.c(161): Error -26612: HTTP Status-Code=500 (Internal Server Error) for "https://www.advantageonlineshopping.com/order/api/v1/carts/350317854/product/20/color/414141?quantity=1"  	[MsgId: MERR-26612]
Action.c(161): Error -26366: "Text=productsInCart" not found for web_reg_find  	[MsgId: MERR-26366]
End auto log messages stack.	[MsgId: MMSG-10544]


Start auto log messages stack - Iteration 46.	[MsgId: MMSG-10545]
Action.c(213): web_remove/revert_auto_header("X-Requested-With") was successful  	[MsgId: MMSG-26392]
Action.c(214): web_add_header("Authorization") started  	[MsgId: MMSG-26355]
Action.c(214): Warning -26594: The header being added may cause unpredictable results if applied to ALL the URLs generated on behalf of the next script function. It will apply to the primary URL only.  	[MsgId: MWAR-26594]
Action.c(214): web_add_header("Authorization") highest severity level was "warning"  	[MsgId: MMSG-26391]
Action.c(217): web_reg_save_param started  	[MsgId: MMSG-26355]
Action.c(217): Registering web_reg_save_param was successful  	[MsgId: MMSG-26390]
Action.c(222): web_url("{userId}_2") started  	[MsgId: MMSG-26355]
Action.c(222): Error -27760: Request "https://www.advantageonlineshopping.com/order/api/v1/carts/829545604" failed  	[MsgId: MERR-27760]
Action.c(222): Error -26377: No match found for the requested parameter "sessionId". Either the specified boundaries were not found in the response or the matched text is longer than current max html parameter size of 256 bytes. The total length of the response is 0 bytes. You can use "web_set_max_html_param_len" to increase the max parameter size.  	[MsgId: MERR-26377]
Action.c(222): Error -26374: The above "not found" error(s) may be explained by header and body byte counts being 0 and 0, respectively.  	[MsgId: MERR-26374]
End auto log messages stack.	[MsgId: MMSG-10544]


Start auto log messages stack - Iteration 49.	[MsgId: MMSG-10545]
Action.c(150): Registering web_reg_find was successful  	[MsgId: MMSG-26390]
Action.c(153): web_add_header("Authorization") started  	[MsgId: MMSG-26355]
Action.c(153): Warning -26594: The header being added may cause unpredictable results if applied to ALL the URLs generated on behalf of the next script function. It will apply to the primary URL only.  	[MsgId: MWAR-26594]
Action.c(153): web_add_header("Authorization") highest severity level was "warning"  	[MsgId: MMSG-26391]
Action.c(156): web_add_auto_header("Origin") started  	[MsgId: MMSG-26355]
Action.c(156): web_add_auto_header("Origin") was successful  	[MsgId: MMSG-26392]
Action.c(159): lr_think_time: 5,00 seconds.	[MsgId: MMSG-15948]
Action.c(161): web_submit_data("414141") started  	[MsgId: MMSG-26355]
Action.c(161): Error -26612: HTTP Status-Code=500 (Internal Server Error) for "https://www.advantageonlineshopping.com/order/api/v1/carts/286873993/product/20/color/414141?quantity=1"  	[MsgId: MERR-26612]
Action.c(161): Error -26366: "Text=productsInCart" not found for web_reg_find  	[MsgId: MERR-26366]
End auto log messages stack.	[MsgId: MMSG-10544]


Start auto log messages stack - Iteration 54.	[MsgId: MMSG-10545]
Action.c(251): web_add_header("X-Requested-With") was successful  	[MsgId: MMSG-26392]
Action.c(254): web_custom_request("GetAccountPaymentPreferencesRequest") started  	[MsgId: MMSG-26355]
Action.c(254): web_custom_request("GetAccountPaymentPreferencesRequest") was successful, 226 body bytes, 735 header bytes  	[MsgId: MMSG-26386]
Action.c(266): web_remove_auto_header("Origin") started  	[MsgId: MMSG-26355]
Action.c(266): Previous automatically added web header for "Origin" removed  	[MsgId: MMSG-26587]
Action.c(266): web_remove/revert_auto_header("Origin") was successful  	[MsgId: MMSG-26392]
Action.c(268): web_url("orderPayment-page.html") started  	[MsgId: MMSG-26355]
Action.c(268): Error -27760: Request "https://www.advantageonlineshopping.com/app/order/views/orderPayment-page.html" failed  	[MsgId: MERR-27760]
End auto log messages stack.	[MsgId: MMSG-10544]


Start auto log messages stack - Iteration 56.	[MsgId: MMSG-10545]
Action.c(231): web_add_auto_header("Origin") was successful  	[MsgId: MMSG-26392]
Action.c(234): web_custom_request("shippingcost") started  	[MsgId: MMSG-26355]
Action.c(234): web_custom_request("shippingcost") was successful, 2909 body bytes, 407 header bytes  	[MsgId: MMSG-26386]
Action.c(248): web_add_header("SOAPAction") started  	[MsgId: MMSG-26355]
Action.c(248): web_add_header("SOAPAction") was successful  	[MsgId: MMSG-26392]
Action.c(251): web_add_header("X-Requested-With") started  	[MsgId: MMSG-26355]
Action.c(251): web_add_header("X-Requested-With") was successful  	[MsgId: MMSG-26392]
Action.c(254): web_custom_request("GetAccountPaymentPreferencesRequest") started  	[MsgId: MMSG-26355]
Action.c(254): Error -27760: Request "https://www.advantageonlineshopping.com/accountservice/ws/GetAccountPaymentPreferencesRequest" failed  	[MsgId: MERR-27760]
Start auto log messages stack - Iteration 57.	[MsgId: MMSG-10545]
..\\Parameters\\common.h(79): web_add_header("Origin") was successful  	[MsgId: MMSG-26392]
..\\Parameters\\common.h(82): web_add_header("SOAPAction") started  	[MsgId: MMSG-26355]
..\\Parameters\\common.h(82): web_add_header("SOAPAction") was successful  	[MsgId: MMSG-26392]
..\\Parameters\\common.h(85): web_add_header("X-Requested-With") started  	[MsgId: MMSG-26355]
..\\Parameters\\common.h(85): web_add_header("X-Requested-With") was successful  	[MsgId: MMSG-26392]
..\\Parameters\\common.h(88): web_custom_request("GetAccountConfigurationRequest") started  	[MsgId: MMSG-26355]
..\\Parameters\\common.h(88): Error -27760: Request "https://www.advantageonlineshopping.com/accountservice/ws/GetAccountConfigurationRequest" failed  	[MsgId: MERR-27760]
End auto log messages stack.	[MsgId: MMSG-10544]


End auto log messages stack.	[MsgId: MMSG-10544]


Start auto log messages stack - Iteration 58.	[MsgId: MMSG-10545]
Action.c(78): Registered web_reg_find successful for "Text=SPEAKERS" (count=2)  	[MsgId: MMSG-26364]
Action.c(78): web_url("products") was successful, 1983 body bytes, 375 header bytes  	[MsgId: MMSG-26386]
Action.c(87): web_url("attributes") started  	[MsgId: MMSG-26355]
Action.c(87): web_url("attributes") was successful, 552 body bytes, 375 header bytes  	[MsgId: MMSG-26386]
Action.c(96): web_url("category-page.html") started  	[MsgId: MMSG-26355]
Action.c(96): web_url("category-page.html") was successful, 741 body bytes, 361 header bytes  	[MsgId: MMSG-26386]
Action.c(104): Notify: Transaction "click_speakers" ended with a "Pass" status (Duration: 0,9505 Wasted Time: 0,0000).	[MsgId: MMSG-16871]
Action.c(106): Notify: Transaction "find_speakers" started.	[MsgId: MMSG-16999]
Action.c(109): web_url("20") started  	[MsgId: MMSG-26355]
Action.c(109): Error -27760: Request "https://www.advantageonlineshopping.com/catalog/api/v1/products/20" failed  	[MsgId: MERR-27760]
End auto log messages stack.	[MsgId: MMSG-10544]


Start auto log messages stack - Iteration 59.	[MsgId: MMSG-10545]
Action.c(150): Registering web_reg_find was successful  	[MsgId: MMSG-26390]
Action.c(153): web_add_header("Authorization") started  	[MsgId: MMSG-26355]
Action.c(153): Warning -26594: The header being added may cause unpredictable results if applied to ALL the URLs generated on behalf of the next script function. It will apply to the primary URL only.  	[MsgId: MWAR-26594]
Action.c(153): web_add_header("Authorization") highest severity level was "warning"  	[MsgId: MMSG-26391]
Action.c(156): web_add_auto_header("Origin") started  	[MsgId: MMSG-26355]
Action.c(156): web_add_auto_header("Origin") was successful  	[MsgId: MMSG-26392]
Action.c(159): lr_think_time: 5,00 seconds.	[MsgId: MMSG-15948]
Action.c(161): web_submit_data("414141") started  	[MsgId: MMSG-26355]
Action.c(161): Error -27760: Request "https://www.advantageonlineshopping.com/order/api/v1/carts/286873993/product/20/color/414141?quantity=1" failed  	[MsgId: MERR-27760]
Start auto log messages stack - Iteration 59.	[MsgId: MMSG-10545]
Start auto log messages stack - Iteration 59.	[MsgId: MMSG-10545]
Action.c(117): web_reg_find started  	[MsgId: MMSG-26355]
Action.c(117): Registering web_reg_find was successful  	[MsgId: MMSG-26390]
Action.c(120): web_url("products_2") started  	[MsgId: MMSG-26355]
Action.c(120): Registered web_reg_find successful for "Text=HP S9500 Bluetooth Wireless Speaker" (count=2)  	[MsgId: MMSG-26364]
Action.c(120): web_url("products_2") was successful, 1977 body bytes, 375 header bytes  	[MsgId: MMSG-26386]
Action.c(129): web_url("all_data") started  	[MsgId: MMSG-26355]
Action.c(129): web_url("all_data") was successful, 8622 body bytes, 375 header bytes  	[MsgId: MMSG-26386]
Action.c(138): web_url("product-page.html") started  	[MsgId: MMSG-26355]
Action.c(138): Error -27760: Request "https://www.advantageonlineshopping.com/app/views/product-page.html" failed  	[MsgId: MERR-27760]
Action.c(74): Notify: Transaction "click_speakers" started.	[MsgId: MMSG-16999]
Action.c(75): web_reg_find started  	[MsgId: MMSG-26355]
Action.c(75): Registering web_reg_find was successful  	[MsgId: MMSG-26390]
Action.c(78): web_url("products") started  	[MsgId: MMSG-26355]
Action.c(78): Registered web_reg_find successful for "Text=SPEAKERS" (count=2)  	[MsgId: MMSG-26364]
Action.c(78): web_url("products") was successful, 1979 body bytes, 375 header bytes  	[MsgId: MMSG-26386]
Action.c(87): web_url("attributes") started  	[MsgId: MMSG-26355]
Action.c(87): web_url("attributes") was successful, 552 body bytes, 375 header bytes  	[MsgId: MMSG-26386]
Action.c(96): web_url("category-page.html") started  	[MsgId: MMSG-26355]
Action.c(96): Error -27760: Request "https://www.advantageonlineshopping.com/app/views/category-page.html" failed  	[MsgId: MERR-27760]
End auto log messages stack.	[MsgId: MMSG-10544]


End auto log messages stack.	[MsgId: MMSG-10544]


Action.c(161): Error -26366: "Text=productsInCart" not found for web_reg_find  	[MsgId: MERR-26366]
Action.c(161): Error -26374: The above "not found" error(s) may be explained by header and body byte counts being 0 and 0, respectively.  	[MsgId: MERR-26374]
End auto log messages stack.	[MsgId: MMSG-10544]


Start auto log messages stack - Iteration 61.	[MsgId: MMSG-10545]
Start auto log messages stack - Iteration 61.	[MsgId: MMSG-10545]
..\\Parameters\\common.h(88): web_custom_request("GetAccountConfigurationRequest") was successful, 823 body bytes, 735 header bytes  	[MsgId: MMSG-26386]
..\\Parameters\\common.h(100): web_url("categories") started  	[MsgId: MMSG-26355]
..\\Parameters\\common.h(100): web_url("categories") was successful, 4635 body bytes, 375 header bytes  	[MsgId: MMSG-26386]
..\\Parameters\\common.h(109): web_url("search") started  	[MsgId: MMSG-26355]
..\\Parameters\\common.h(109): web_url("search") was successful, 351 body bytes, 375 header bytes  	[MsgId: MMSG-26386]
..\\Parameters\\common.h(118): web_url("home-page.html") started  	[MsgId: MMSG-26355]
..\\Parameters\\common.h(118): Error -27760: Request "https://www.advantageonlineshopping.com/app/views/home-page.html" failed  	[MsgId: MERR-27760]
Action.c(74): Notify: Transaction "click_speakers" started.	[MsgId: MMSG-16999]
Action.c(75): web_reg_find started  	[MsgId: MMSG-26355]
Action.c(75): Registering web_reg_find was successful  	[MsgId: MMSG-26390]
Action.c(78): web_url("products") started  	[MsgId: MMSG-26355]
Action.c(78): Registered web_reg_find successful for "Text=SPEAKERS" (count=2)  	[MsgId: MMSG-26364]
Action.c(78): web_url("products") was successful, 1979 body bytes, 375 header bytes  	[MsgId: MMSG-26386]
Action.c(87): web_url("attributes") started  	[MsgId: MMSG-26355]
Action.c(87): web_url("attributes") was successful, 552 body bytes, 375 header bytes  	[MsgId: MMSG-26386]
Action.c(96): web_url("category-page.html") started  	[MsgId: MMSG-26355]
Action.c(96): Error -27760: Request "https://www.advantageonlineshopping.com/app/views/category-page.html" failed  	[MsgId: MERR-27760]
End auto log messages stack.	[MsgId: MMSG-10544]


End auto log messages stack.	[MsgId: MMSG-10544]


Start auto log messages stack - Iteration 61.	[MsgId: MMSG-10545]
Action.c(338): Registered web_reg_find successful for "Text=order completed successfully" (count=1)  	[MsgId: MMSG-26364]
Action.c(338): web_custom_request("{userId}_4") was successful, 161 body bytes, 492 header bytes  	[MsgId: MMSG-26386]
Action.c(351): web_add_header("Authorization") started  	[MsgId: MMSG-26355]
Action.c(351): Warning -26594: The header being added may cause unpredictable results if applied to ALL the URLs generated on behalf of the next script function. It will apply to the primary URL only.  	[MsgId: MWAR-26594]
Action.c(351): web_add_header("Authorization") highest severity level was "warning"  	[MsgId: MMSG-26391]
Action.c(354): web_custom_request("{userId}_4") started  	[MsgId: MMSG-26355]
Action.c(354): Error -26612: HTTP Status-Code=500 (Internal Server Error) for "https://www.advantageonlineshopping.com/order/api/v1/carts/707911860"  	[MsgId: MERR-26612]
End auto log messages stack.	[MsgId: MMSG-10544]


