Start auto log messages stack - Iteration 72.	[MsgId: MMSG-10545]
..\\Parameters\\common.h(79): web_add_header("Origin") was successful  	[MsgId: MMSG-26392]
..\\Parameters\\common.h(82): web_add_header("SOAPAction") started  	[MsgId: MMSG-26355]
..\\Parameters\\common.h(82): web_add_header("SOAPAction") was successful  	[MsgId: MMSG-26392]
..\\Parameters\\common.h(85): web_add_header("X-Requested-With") started  	[MsgId: MMSG-26355]
..\\Parameters\\common.h(85): web_add_header("X-Requested-With") was successful  	[MsgId: MMSG-26392]
..\\Parameters\\common.h(88): web_custom_request("GetAccountConfigurationRequest") started  	[MsgId: MMSG-26355]
..\\Parameters\\common.h(88): Error -27760: Request "https://www.advantageonlineshopping.com/accountservice/ws/GetAccountConfigurationRequest" failed  	[MsgId: MERR-27760]
End auto log messages stack.	[MsgId: MMSG-10544]


Start auto log messages stack - Iteration 85.	[MsgId: MMSG-10545]
Action.c(51): web_add_header("Authorization") highest severity level was "warning"  	[MsgId: MMSG-26391]
Action.c(54): web_remove_auto_header("SOAPAction") started  	[MsgId: MMSG-26355]
Action.c(54): Previous automatically added web header for "SOAPAction" removed  	[MsgId: MMSG-26587]
Action.c(54): web_remove/revert_auto_header("SOAPAction") was successful  	[MsgId: MMSG-26392]
Action.c(56): web_remove_auto_header("X-Requested-With") started  	[MsgId: MMSG-26355]
Action.c(56): Previous automatically added web header for "X-Requested-With" removed  	[MsgId: MMSG-26587]
Action.c(56): web_remove/revert_auto_header("X-Requested-With") was successful  	[MsgId: MMSG-26392]
Action.c(58): web_url("{userId}") started  	[MsgId: MMSG-26355]
Action.c(58): Error -27760: Request "https://www.advantageonlineshopping.com/order/api/v1/carts/739577695" failed  	[MsgId: MERR-27760]
End auto log messages stack.	[MsgId: MMSG-10544]


Start auto log messages stack - Iteration 115.	[MsgId: MMSG-10545]
..\\Parameters\\common.h(82): web_add_header("SOAPAction") was successful  	[MsgId: MMSG-26392]
..\\Parameters\\common.h(85): web_add_header("X-Requested-With") started  	[MsgId: MMSG-26355]
..\\Parameters\\common.h(85): web_add_header("X-Requested-With") was successful  	[MsgId: MMSG-26392]
..\\Parameters\\common.h(88): web_custom_request("GetAccountConfigurationRequest") started  	[MsgId: MMSG-26355]
..\\Parameters\\common.h(88): web_custom_request("GetAccountConfigurationRequest") was successful, 823 body bytes, 735 header bytes  	[MsgId: MMSG-26386]
..\\Parameters\\common.h(100): web_url("categories") started  	[MsgId: MMSG-26355]
..\\Parameters\\common.h(100): Error -27760: Request "https://www.advantageonlineshopping.com/catalog/api/v1/categories" failed  	[MsgId: MERR-27760]
End auto log messages stack.	[MsgId: MMSG-10544]


Start auto log messages stack - Iteration 118.	[MsgId: MMSG-10545]
..\\Parameters\\common.h(55): web_add_auto_header("Sec-Fetch-Dest") was successful  	[MsgId: MMSG-26392]
..\\Parameters\\common.h(58): web_add_auto_header("Sec-Fetch-Mode") started  	[MsgId: MMSG-26355]
..\\Parameters\\common.h(58): web_add_auto_header("Sec-Fetch-Mode") was successful  	[MsgId: MMSG-26392]
..\\Parameters\\common.h(61): web_add_auto_header("Sec-Fetch-Site") started  	[MsgId: MMSG-26355]
..\\Parameters\\common.h(61): web_add_auto_header("Sec-Fetch-Site") was successful  	[MsgId: MMSG-26392]
..\\Parameters\\common.h(64): web_url("ALL") started  	[MsgId: MMSG-26355]
..\\Parameters\\common.h(64): Error -27760: Request "https://www.advantageonlineshopping.com/catalog/api/v1/DemoAppConfig/parameters/by_tool/ALL" failed  	[MsgId: MERR-27760]
End auto log messages stack.	[MsgId: MMSG-10544]


Start auto log messages stack - Iteration 161.	[MsgId: MMSG-10545]
..\\Parameters\\common.h(79): web_add_header("Origin") was successful  	[MsgId: MMSG-26392]
..\\Parameters\\common.h(82): web_add_header("SOAPAction") started  	[MsgId: MMSG-26355]
..\\Parameters\\common.h(82): web_add_header("SOAPAction") was successful  	[MsgId: MMSG-26392]
..\\Parameters\\common.h(85): web_add_header("X-Requested-With") started  	[MsgId: MMSG-26355]
..\\Parameters\\common.h(85): web_add_header("X-Requested-With") was successful  	[MsgId: MMSG-26392]
..\\Parameters\\common.h(88): web_custom_request("GetAccountConfigurationRequest") started  	[MsgId: MMSG-26355]
..\\Parameters\\common.h(88): Error -27760: Request "https://www.advantageonlineshopping.com/accountservice/ws/GetAccountConfigurationRequest" failed  	[MsgId: MERR-27760]
End auto log messages stack.	[MsgId: MMSG-10544]


Start auto log messages stack - Iteration 164.	[MsgId: MMSG-10545]
..\\Parameters\\common.h(169): web_add_header("SOAPAction") was successful  	[MsgId: MMSG-26392]
..\\Parameters\\common.h(172): web_add_header("X-Requested-With") started  	[MsgId: MMSG-26355]
..\\Parameters\\common.h(172): web_add_header("X-Requested-With") was successful  	[MsgId: MMSG-26392]
..\\Parameters\\common.h(175): lr_think_time: 5,00 seconds.	[MsgId: MMSG-15948]
..\\Parameters\\common.h(176): web_reg_find started  	[MsgId: MMSG-26355]
..\\Parameters\\common.h(176): Registering web_reg_find was successful  	[MsgId: MMSG-26390]
..\\Parameters\\common.h(179): web_custom_request("AccountLogoutRequest") started  	[MsgId: MMSG-26355]
..\\Parameters\\common.h(179): Error -27760: Request "https://www.advantageonlineshopping.com/accountservice/ws/AccountLogoutRequest" failed  	[MsgId: MERR-27760]
..\\Parameters\\common.h(179): Error -26366: "Text=Logout Successful" not found for web_reg_find  	[MsgId: MERR-26366]
..\\Parameters\\common.h(179): Error -26374: The above "not found" error(s) may be explained by header and body byte counts being 0 and 0, respectively.  	[MsgId: MERR-26374]
End auto log messages stack.	[MsgId: MMSG-10544]


Start auto log messages stack - Iteration 167.	[MsgId: MMSG-10545]
Action.c(51): web_add_header("Authorization") highest severity level was "warning"  	[MsgId: MMSG-26391]
Action.c(54): web_remove_auto_header("SOAPAction") started  	[MsgId: MMSG-26355]
Action.c(54): Previous automatically added web header for "SOAPAction" removed  	[MsgId: MMSG-26587]
Action.c(54): web_remove/revert_auto_header("SOAPAction") was successful  	[MsgId: MMSG-26392]
Action.c(56): web_remove_auto_header("X-Requested-With") started  	[MsgId: MMSG-26355]
Action.c(56): Previous automatically added web header for "X-Requested-With" removed  	[MsgId: MMSG-26587]
Action.c(56): web_remove/revert_auto_header("X-Requested-With") was successful  	[MsgId: MMSG-26392]
Action.c(58): web_url("{userId}") started  	[MsgId: MMSG-26355]
Action.c(58): Error -27760: Request "https://www.advantageonlineshopping.com/order/api/v1/carts/286873993" failed  	[MsgId: MERR-27760]
End auto log messages stack.	[MsgId: MMSG-10544]


